2025-04-02 10:29:12 [background-preinit] INFO  o.h.validator.internal.util.Version - HV000001: Hibernate Validator 6.2.5.Final
2025-04-02 10:29:12 [restartedMain] INFO  c.s.o.Oauth2finalApplication - Starting Oauth2finalApplication using Java 1.8.0_44 on LAPTOP-6LUT3J7B with PID 20228 (D:\downloads\oauth2final\oauth2final\target\classes started by Omen in D:\downloads\oauth2final\oauth2final)
2025-04-02 10:29:12 [restartedMain] INFO  c.s.o.Oauth2finalApplication - Starting Oauth2finalApplication using Java 1.8.0_44 on LAPTOP-6LUT3J7B with PID 20228 (D:\downloads\oauth2final\oauth2final\target\classes started by Omen in D:\downloads\oauth2final\oauth2final)
2025-04-02 10:29:12 [restartedMain] DEBUG c.s.o.Oauth2finalApplication - Running with Spring Boot v2.7.18, Spring v5.3.31
2025-04-02 10:29:12 [restartedMain] DEBUG c.s.o.Oauth2finalApplication - Running with Spring Boot v2.7.18, Spring v5.3.31
2025-04-02 10:29:12 [restartedMain] INFO  c.s.o.Oauth2finalApplication - The following 1 profile is active: "dev"
2025-04-02 10:29:12 [restartedMain] INFO  c.s.o.Oauth2finalApplication - The following 1 profile is active: "dev"
2025-04-02 10:29:12 [restartedMain] INFO  o.s.b.d.e.DevToolsPropertyDefaultsPostProcessor - Devtools property defaults active! Set 'spring.devtools.add-properties' to 'false' to disable
2025-04-02 10:29:12 [restartedMain] INFO  o.s.b.d.e.DevToolsPropertyDefaultsPostProcessor - For additional web related logging consider setting the 'logging.level.web' property to 'DEBUG'
2025-04-02 10:29:13 [restartedMain] INFO  o.s.d.r.c.RepositoryConfigurationDelegate - Bootstrapping Spring Data JPA repositories in DEFAULT mode.
2025-04-02 10:29:13 [restartedMain] INFO  o.s.d.r.c.RepositoryConfigurationDelegate - Finished Spring Data repository scanning in 49 ms. Found 2 JPA repository interfaces.
2025-04-02 10:29:14 [restartedMain] INFO  o.s.b.w.e.tomcat.TomcatWebServer - Tomcat initialized with port(s): 8080 (http)
2025-04-02 10:29:14 [restartedMain] INFO  o.a.coyote.http11.Http11NioProtocol - Initializing ProtocolHandler ["http-nio-8080"]
2025-04-02 10:29:14 [restartedMain] INFO  o.a.catalina.core.StandardService - Starting service [Tomcat]
2025-04-02 10:29:14 [restartedMain] INFO  o.a.catalina.core.StandardEngine - Starting Servlet engine: [Apache Tomcat/9.0.83]
2025-04-02 10:29:14 [restartedMain] INFO  o.a.c.c.C.[Tomcat].[localhost].[/] - Initializing Spring embedded WebApplicationContext
2025-04-02 10:29:14 [restartedMain] INFO  o.s.b.w.s.c.ServletWebServerApplicationContext - Root WebApplicationContext: initialization completed in 2172 ms
2025-04-02 10:29:14 [restartedMain] INFO  o.h.jpa.internal.util.LogHelper - HHH000204: Processing PersistenceUnitInfo [name: default]
2025-04-02 10:29:14 [restartedMain] INFO  org.hibernate.Version - HHH000412: Hibernate ORM core version 5.6.15.Final
2025-04-02 10:29:14 [restartedMain] INFO  o.h.annotations.common.Version - HCANN000001: Hibernate Commons Annotations {5.1.2.Final}
2025-04-02 10:29:15 [restartedMain] INFO  com.zaxxer.hikari.HikariDataSource - HikariPool-1 - Starting...
2025-04-02 10:29:15 [restartedMain] INFO  com.zaxxer.hikari.HikariDataSource - HikariPool-1 - Start completed.
2025-04-02 10:29:15 [restartedMain] INFO  org.hibernate.dialect.Dialect - HHH000400: Using dialect: org.hibernate.dialect.PostgreSQLDialect
2025-04-02 10:29:16 [restartedMain] INFO  o.h.e.t.j.p.i.JtaPlatformInitiator - HHH000490: Using JtaPlatform implementation: [org.hibernate.engine.transaction.jta.platform.internal.NoJtaPlatform]
2025-04-02 10:29:16 [restartedMain] INFO  o.s.o.j.LocalContainerEntityManagerFactoryBean - Initialized JPA EntityManagerFactory for persistence unit 'default'
2025-04-02 10:29:16 [restartedMain] DEBUG c.s.o.config.OtpVerificationFilter - Filter 'otpVerificationFilter' configured for use
2025-04-02 10:29:16 [restartedMain] DEBUG c.s.o.config.OtpVerificationFilter - Filter 'otpVerificationFilter' configured for use
2025-04-02 10:29:17 [restartedMain] INFO  o.s.s.web.DefaultSecurityFilterChain - Will secure any request with [org.springframework.security.web.session.DisableEncodeUrlFilter@1955399, org.springframework.security.web.context.request.async.WebAsyncManagerIntegrationFilter@169b071, org.springframework.security.web.context.SecurityContextPersistenceFilter@15027fc, org.springframework.security.web.header.HeaderWriterFilter@d006ff, org.springframework.security.web.authentication.logout.LogoutFilter@1b29358, org.springframework.security.oauth2.client.web.OAuth2AuthorizationRequestRedirectFilter@1304ae7, org.springframework.security.oauth2.client.web.OAuth2LoginAuthenticationFilter@4d5885, com.sachinlama.oauth2final.config.OtpVerificationFilter@d800c5, org.springframework.security.web.authentication.UsernamePasswordAuthenticationFilter@dfe4d8, org.springframework.security.web.authentication.www.BasicAuthenticationFilter@1c7d0f6, org.springframework.security.web.savedrequest.RequestCacheAwareFilter@15faed7, org.springframework.security.web.servletapi.SecurityContextHolderAwareRequestFilter@3f98f9, org.springframework.security.web.authentication.AnonymousAuthenticationFilter@13d3fc8, org.springframework.security.web.session.SessionManagementFilter@3e7c4d, org.springframework.security.web.access.ExceptionTranslationFilter@efc1c5, org.springframework.security.web.access.intercept.AuthorizationFilter@104ea4f]
2025-04-02 10:29:17 [restartedMain] WARN  o.s.b.a.o.j.JpaBaseConfiguration$JpaWebConfiguration - spring.jpa.open-in-view is enabled by default. Therefore, database queries may be performed during view rendering. Explicitly configure spring.jpa.open-in-view to disable this warning
2025-04-02 10:29:17 [restartedMain] INFO  o.s.b.a.w.s.WelcomePageHandlerMapping - Adding welcome page template: index
2025-04-02 10:29:18 [restartedMain] INFO  o.s.b.d.a.OptionalLiveReloadServer - LiveReload server is running on port 35729
2025-04-02 10:29:18 [restartedMain] INFO  o.a.coyote.http11.Http11NioProtocol - Starting ProtocolHandler ["http-nio-8080"]
2025-04-02 10:29:18 [restartedMain] INFO  o.s.b.w.e.tomcat.TomcatWebServer - Tomcat started on port(s): 8080 (http) with context path ''
2025-04-02 10:29:18 [restartedMain] INFO  c.s.o.Oauth2finalApplication - Started Oauth2finalApplication in 6.419 seconds (JVM running for 7.95)
2025-04-02 10:29:18 [restartedMain] INFO  c.s.o.Oauth2finalApplication - Started Oauth2finalApplication in 6.419 seconds (JVM running for 7.95)
2025-04-02 10:57:06 [SpringApplicationShutdownHook] INFO  o.s.o.j.LocalContainerEntityManagerFactoryBean - Closing JPA EntityManagerFactory for persistence unit 'default'
2025-04-02 10:57:06 [SpringApplicationShutdownHook] INFO  com.zaxxer.hikari.HikariDataSource - HikariPool-1 - Shutdown initiated...
2025-04-02 10:57:06 [SpringApplicationShutdownHook] INFO  com.zaxxer.hikari.HikariDataSource - HikariPool-1 - Shutdown completed.
